# JRE version: Java(TM) SE Runtime Environment (8.0_66-b18) (build 1.8.0_66-b18)
# Java VM: Java HotSpot(TM) Client VM (25.66-b18 mixed mode, sharing windows-x86 )
Heap:
 def new generation   total 11520K, used 483K [0x04800000, 0x05470000, 0x09d50000)
  eden space 10304K,   4% used [0x04800000, 0x04878fb8, 0x05210000)
  from space 1216K,   0% used [0x05210000, 0x05210000, 0x05340000)
  to   space 1216K,   0% used [0x05340000, 0x05340000, 0x05470000)
 tenured generation   total 62228K, used 52080K [0x09d50000, 0x0da15000, 0x14800000)
   the space 62228K,  83% used [0x09d50000, 0x0d02c008, 0x0d02c200, 0x0da15000)
 Metaspace       used 2975K, capacity 4769K, committed 4864K, reserved 5504K
GC Heap History (10 events):
Event: 0.705 GC heap before
{Heap before GC invocations=5 (full 0):
 def new generation   total 4928K, used 4642K [0x04800000, 0x04d50000, 0x09d50000)
  eden space 4416K, 100% used [0x04800000, 0x04c50000, 0x04c50000)
  from space 512K,  44% used [0x04cd0000, 0x04d089c0, 0x04d50000)
  to   space 512K,   0% used [0x04c50000, 0x04c50000, 0x04cd0000)
 tenured generation   total 10944K, used 1707K [0x09d50000, 0x0a800000, 0x14800000)
   the space 10944K,  15% used [0x09d50000, 0x09efade0, 0x09efae00, 0x0a800000)
 Metaspace       used 2213K, capacity 4419K, committed 4480K, reserved 4480K
Event: 0.706 GC heap after
Heap after GC invocations=6 (full 0):
 def new generation   total 4928K, used 267K [0x04800000, 0x04d50000, 0x09d50000)
  eden space 4416K,   0% used [0x04800000, 0x04800000, 0x04c50000)
  from space 512K,  52% used [0x04c50000, 0x04c92ed8, 0x04cd0000)
  to   space 512K,   0% used [0x04cd0000, 0x04cd0000, 0x04d50000)
 tenured generation   total 10944K, used 1707K [0x09d50000, 0x0a800000, 0x14800000)
   the space 10944K,  15% used [0x09d50000, 0x09efade0, 0x09efae00, 0x0a800000)
 Metaspace       used 2213K, capacity 4419K, committed 4480K, reserved 4480K
}
Event: 0.729 GC heap before
{Heap before GC invocations=6 (full 0):
 def new generation   total 4928K, used 4683K [0x04800000, 0x04d50000, 0x09d50000)
  eden space 4416K, 100% used [0x04800000, 0x04c50000, 0x04c50000)
  from space 512K,  52% used [0x04c50000, 0x04c92ed8, 0x04cd0000)
  to   space 512K,   0% used [0x04cd0000, 0x04cd0000, 0x04d50000)
 tenured generation   total 10944K, used 1707K [0x09d50000, 0x0a800000, 0x14800000)
   the space 10944K,  15% used [0x09d50000, 0x09efade0, 0x09efae00, 0x0a800000)
 Metaspace       used 2213K, capacity 4419K, committed 4480K, reserved 4480K
Event: 0.729 GC heap after
Heap after GC invocations=7 (full 0):
 def new generation   total 4928K, used 230K [0x04800000, 0x04d50000, 0x09d50000)
  eden space 4416K,   0% used [0x04800000, 0x04800000, 0x04c50000)
  from space 512K,  45% used [0x04cd0000, 0x04d09b58, 0x04d50000)
  to   space 512K,   0% used [0x04c50000, 0x04c50000, 0x04cd0000)
 tenured generation   total 10944K, used 1785K [0x09d50000, 0x0a800000, 0x14800000)
   the space 10944K,  16% used [0x09d50000, 0x09f0e508, 0x09f0e600, 0x0a800000)
 Metaspace       used 2213K, capacity 4419K, committed 4480K, reserved 4480K
}
Event: 0.753 GC heap before
{Heap before GC invocations=7 (full 0):
 def new generation   total 4928K, used 4637K [0x04800000, 0x04d50000, 0x09d50000)
  eden space 4416K,  99% used [0x04800000, 0x04c4d910, 0x04c50000)
  from space 512K,  45% used [0x04cd0000, 0x04d09b58, 0x04d50000)
  to   space 512K,   0% used [0x04c50000, 0x04c50000, 0x04cd0000)
 tenured generation   total 10944K, used 1785K [0x09d50000, 0x0a800000, 0x14800000)
   the space 10944K,  16% used [0x09d50000, 0x09f0e508, 0x09f0e600, 0x0a800000)
 Metaspace       used 2213K, capacity 4419K, committed 4480K, reserved 4480K
Event: 0.753 GC heap after
Heap after GC invocations=8 (full 0):
 def new generation   total 4928K, used 197K [0x04800000, 0x04d50000, 0x09d50000)
  eden space 4416K,   0% used [0x04800000, 0x04800000, 0x04c50000)
  from space 512K,  38% used [0x04c50000, 0x04c816b8, 0x04cd0000)
  to   space 512K,   0% used [0x04cd0000, 0x04cd0000, 0x04d50000)
 tenured generation   total 10944K, used 1785K [0x09d50000, 0x0a800000, 0x14800000)
   the space 10944K,  16% used [0x09d50000, 0x09f0e508, 0x09f0e600, 0x0a800000)
 Metaspace       used 2213K, capacity 4419K, committed 4480K, reserved 4480K
}
Event: 1.430 GC heap before
{Heap before GC invocations=8 (full 0):
 def new generation   total 4928K, used 2901K [0x04800000, 0x04d50000, 0x09d50000)
  eden space 4416K,  61% used [0x04800000, 0x04aa3f78, 0x04c50000)
  from space 512K,  38% used [0x04c50000, 0x04c816b8, 0x04cd0000)
  to   space 512K,   0% used [0x04cd0000, 0x04cd0000, 0x04d50000)
 tenured generation   total 10944K, used 1785K [0x09d50000, 0x0a800000, 0x14800000)
   the space 10944K,  16% used [0x09d50000, 0x09f0e508, 0x09f0e600, 0x0a800000)
 Metaspace       used 2885K, capacity 4705K, committed 4736K, reserved 5504K
Event: 1.440 GC heap after
Heap after GC invocations=9 (full 1):
 def new generation   total 4992K, used 0K [0x04800000, 0x04d60000, 0x09d50000)
  eden space 4480K,   0% used [0x04800000, 0x04800000, 0x04c60000)
  from space 512K,   0% used [0x04c60000, 0x04c60000, 0x04ce0000)
  to   space 512K,   0% used [0x04ce0000, 0x04ce0000, 0x04d60000)
 tenured generation   total 10944K, used 2833K [0x09d50000, 0x0a800000, 0x14800000)
   the space 10944K,  25% used [0x09d50000, 0x0a014798, 0x0a014800, 0x0a800000)
 Metaspace       used 2885K, capacity 4705K, committed 4736K, reserved 5504K
}
Event: 1.692 GC heap before
{Heap before GC invocations=9 (full 1):
 def new generation   total 4992K, used 556K [0x04800000, 0x04d60000, 0x09d50000)
  eden space 4480K,  12% used [0x04800000, 0x0488b160, 0x04c60000)
  from space 512K,   0% used [0x04c60000, 0x04c60000, 0x04ce0000)
  to   space 512K,   0% used [0x04ce0000, 0x04ce0000, 0x04d60000)
 tenured generation   total 23236K, used 15121K [0x09d50000, 0x0b401000, 0x14800000)
   the space 23236K,  65% used [0x09d50000, 0x0ac147a8, 0x0ac14800, 0x0b401000)
 Metaspace       used 2954K, capacity 4769K, committed 4864K, reserved 5504K
Event: 1.698 GC heap after
Heap after GC invocations=10 (full 2):
 def new generation   total 11520K, used 0K [0x04800000, 0x05470000, 0x09d50000)
  eden space 10304K,   0% used [0x04800000, 0x04800000, 0x05210000)
  from space 1216K,   0% used [0x05210000, 0x05210000, 0x05340000)
  to   space 1216K,   0% used [0x05340000, 0x05340000, 0x05470000)
 tenured generation   total 25360K, used 15215K [0x09d50000, 0x0b614000, 0x14800000)
   the space 25360K,  59% used [0x09d50000, 0x0ac2bff8, 0x0ac2c000, 0x0b614000)
 Metaspace       used 2954K, capacity 4769K, committed 4864K, reserved 5504K
}

