# JRE version: Java(TM) SE Runtime Environment (8.0_66-b18) (build 1.8.0_66-b18)
# Java VM: Java HotSpot(TM) Client VM (25.66-b18 mixed mode, sharing windows-x86 )
Heap:
 def new generation   total 11520K, used 275K [0x04400000, 0x05070000, 0x09950000)
  eden space 10304K,   2% used [0x04400000, 0x04444e18, 0x04e10000)
  from space 1216K,   0% used [0x04e10000, 0x04e10000, 0x04f40000)
  to   space 1216K,   0% used [0x04f40000, 0x04f40000, 0x05070000)
 tenured generation   total 62232K, used 52080K [0x09950000, 0x0d616000, 0x14400000)
   the space 62232K,  83% used [0x09950000, 0x0cc2c188, 0x0cc2c200, 0x0d616000)
 Metaspace       used 2975K, capacity 4769K, committed 4864K, reserved 5504K
GC Heap History (10 events):
Event: 0.551 GC heap before
{Heap before GC invocations=5 (full 0):
 def new generation   total 4928K, used 4642K [0x04400000, 0x04950000, 0x09950000)
  eden space 4416K, 100% used [0x04400000, 0x04850000, 0x04850000)
  from space 512K,  44% used [0x048d0000, 0x049089f8, 0x04950000)
  to   space 512K,   0% used [0x04850000, 0x04850000, 0x048d0000)
 tenured generation   total 10944K, used 1707K [0x09950000, 0x0a400000, 0x14400000)
   the space 10944K,  15% used [0x09950000, 0x09afaf68, 0x09afb000, 0x0a400000)
 Metaspace       used 2213K, capacity 4419K, committed 4480K, reserved 4480K
Event: 0.552 GC heap after
Heap after GC invocations=6 (full 0):
 def new generation   total 4928K, used 267K [0x04400000, 0x04950000, 0x09950000)
  eden space 4416K,   0% used [0x04400000, 0x04400000, 0x04850000)
  from space 512K,  52% used [0x04850000, 0x04892e90, 0x048d0000)
  to   space 512K,   0% used [0x048d0000, 0x048d0000, 0x04950000)
 tenured generation   total 10944K, used 1707K [0x09950000, 0x0a400000, 0x14400000)
   the space 10944K,  15% used [0x09950000, 0x09afaf68, 0x09afb000, 0x0a400000)
 Metaspace       used 2213K, capacity 4419K, committed 4480K, reserved 4480K
}
Event: 0.570 GC heap before
{Heap before GC invocations=6 (full 0):
 def new generation   total 4928K, used 4683K [0x04400000, 0x04950000, 0x09950000)
  eden space 4416K, 100% used [0x04400000, 0x04850000, 0x04850000)
  from space 512K,  52% used [0x04850000, 0x04892e90, 0x048d0000)
  to   space 512K,   0% used [0x048d0000, 0x048d0000, 0x04950000)
 tenured generation   total 10944K, used 1707K [0x09950000, 0x0a400000, 0x14400000)
   the space 10944K,  15% used [0x09950000, 0x09afaf68, 0x09afb000, 0x0a400000)
 Metaspace       used 2213K, capacity 4419K, committed 4480K, reserved 4480K
Event: 0.571 GC heap after
Heap after GC invocations=7 (full 0):
 def new generation   total 4928K, used 230K [0x04400000, 0x04950000, 0x09950000)
  eden space 4416K,   0% used [0x04400000, 0x04400000, 0x04850000)
  from space 512K,  45% used [0x048d0000, 0x04909b78, 0x04950000)
  to   space 512K,   0% used [0x04850000, 0x04850000, 0x048d0000)
 tenured generation   total 10944K, used 1785K [0x09950000, 0x0a400000, 0x14400000)
   the space 10944K,  16% used [0x09950000, 0x09b0e678, 0x09b0e800, 0x0a400000)
 Metaspace       used 2213K, capacity 4419K, committed 4480K, reserved 4480K
}
Event: 0.589 GC heap before
{Heap before GC invocations=7 (full 0):
 def new generation   total 4928K, used 4638K [0x04400000, 0x04950000, 0x09950000)
  eden space 4416K,  99% used [0x04400000, 0x0484ddd0, 0x04850000)
  from space 512K,  45% used [0x048d0000, 0x04909b78, 0x04950000)
  to   space 512K,   0% used [0x04850000, 0x04850000, 0x048d0000)
 tenured generation   total 10944K, used 1785K [0x09950000, 0x0a400000, 0x14400000)
   the space 10944K,  16% used [0x09950000, 0x09b0e678, 0x09b0e800, 0x0a400000)
 Metaspace       used 2213K, capacity 4419K, committed 4480K, reserved 4480K
Event: 0.589 GC heap after
Heap after GC invocations=8 (full 0):
 def new generation   total 4928K, used 213K [0x04400000, 0x04950000, 0x09950000)
  eden space 4416K,   0% used [0x04400000, 0x04400000, 0x04850000)
  from space 512K,  41% used [0x04850000, 0x04885530, 0x048d0000)
  to   space 512K,   0% used [0x048d0000, 0x048d0000, 0x04950000)
 tenured generation   total 10944K, used 1785K [0x09950000, 0x0a400000, 0x14400000)
   the space 10944K,  16% used [0x09950000, 0x09b0e678, 0x09b0e800, 0x0a400000)
 Metaspace       used 2213K, capacity 4419K, committed 4480K, reserved 4480K
}
Event: 1.209 GC heap before
{Heap before GC invocations=8 (full 0):
 def new generation   total 4928K, used 2843K [0x04400000, 0x04950000, 0x09950000)
  eden space 4416K,  59% used [0x04400000, 0x04691780, 0x04850000)
  from space 512K,  41% used [0x04850000, 0x04885530, 0x048d0000)
  to   space 512K,   0% used [0x048d0000, 0x048d0000, 0x04950000)
 tenured generation   total 10944K, used 1785K [0x09950000, 0x0a400000, 0x14400000)
   the space 10944K,  16% used [0x09950000, 0x09b0e678, 0x09b0e800, 0x0a400000)
 Metaspace       used 2884K, capacity 4705K, committed 4736K, reserved 5504K
Event: 1.218 GC heap after
Heap after GC invocations=9 (full 1):
 def new generation   total 4992K, used 0K [0x04400000, 0x04960000, 0x09950000)
  eden space 4480K,   0% used [0x04400000, 0x04400000, 0x04860000)
  from space 512K,   0% used [0x04860000, 0x04860000, 0x048e0000)
  to   space 512K,   0% used [0x048e0000, 0x048e0000, 0x04960000)
 tenured generation   total 10944K, used 2834K [0x09950000, 0x0a400000, 0x14400000)
   the space 10944K,  25% used [0x09950000, 0x09c14980, 0x09c14a00, 0x0a400000)
 Metaspace       used 2884K, capacity 4705K, committed 4736K, reserved 5504K
}
Event: 1.434 GC heap before
{Heap before GC invocations=9 (full 1):
 def new generation   total 4992K, used 559K [0x04400000, 0x04960000, 0x09950000)
  eden space 4480K,  12% used [0x04400000, 0x0448bef0, 0x04860000)
  from space 512K,   0% used [0x04860000, 0x04860000, 0x048e0000)
  to   space 512K,   0% used [0x048e0000, 0x048e0000, 0x04960000)
 tenured generation   total 23236K, used 15122K [0x09950000, 0x0b001000, 0x14400000)
   the space 23236K,  65% used [0x09950000, 0x0a814990, 0x0a814a00, 0x0b001000)
 Metaspace       used 2953K, capacity 4769K, committed 4864K, reserved 5504K
Event: 1.440 GC heap after
Heap after GC invocations=10 (full 2):
 def new generation   total 11520K, used 0K [0x04400000, 0x05070000, 0x09950000)
  eden space 10304K,   0% used [0x04400000, 0x04400000, 0x04e10000)
  from space 1216K,   0% used [0x04e10000, 0x04e10000, 0x04f40000)
  to   space 1216K,   0% used [0x04f40000, 0x04f40000, 0x05070000)
 tenured generation   total 25364K, used 15216K [0x09950000, 0x0b215000, 0x14400000)
   the space 25364K,  59% used [0x09950000, 0x0a82c178, 0x0a82c200, 0x0b215000)
 Metaspace       used 2953K, capacity 4769K, committed 4864K, reserved 5504K
}

