# JRE version: Java(TM) SE Runtime Environment (8.0_66-b18) (build 1.8.0_66-b18)
# Java VM: Java HotSpot(TM) Client VM (25.66-b18 mixed mode windows-x86 )
Heap:
 def new generation   total 11520K, used 414K [0x04e00000, 0x05a70000, 0x0a350000)
  eden space 10304K,   4% used [0x04e00000, 0x04e679b0, 0x05810000)
  from space 1216K,   0% used [0x05810000, 0x05810000, 0x05940000)
  to   space 1216K,   0% used [0x05940000, 0x05940000, 0x05a70000)
 tenured generation   total 62228K, used 52079K [0x0a350000, 0x0e015000, 0x14e00000)
   the space 62228K,  83% used [0x0a350000, 0x0d62bc28, 0x0d62be00, 0x0e015000)
 Metaspace       used 7923K, capacity 8103K, committed 8192K, reserved 8576K
GC Heap History (10 events):
Event: 0.759 GC heap before
{Heap before GC invocations=5 (full 0):
 def new generation   total 4928K, used 4642K [0x04e00000, 0x05350000, 0x0a350000)
  eden space 4416K, 100% used [0x04e00000, 0x05250000, 0x05250000)
  from space 512K,  44% used [0x052d0000, 0x053089e8, 0x05350000)
  to   space 512K,   0% used [0x05250000, 0x05250000, 0x052d0000)
 tenured generation   total 10944K, used 1706K [0x0a350000, 0x0ae00000, 0x14e00000)
   the space 10944K,  15% used [0x0a350000, 0x0a4fab00, 0x0a4fac00, 0x0ae00000)
 Metaspace       used 5811K, capacity 5961K, committed 6016K, reserved 6528K
Event: 0.760 GC heap after
Heap after GC invocations=6 (full 0):
 def new generation   total 4928K, used 267K [0x04e00000, 0x05350000, 0x0a350000)
  eden space 4416K,   0% used [0x04e00000, 0x04e00000, 0x05250000)
  from space 512K,  52% used [0x05250000, 0x05292ef8, 0x052d0000)
  to   space 512K,   0% used [0x052d0000, 0x052d0000, 0x05350000)
 tenured generation   total 10944K, used 1706K [0x0a350000, 0x0ae00000, 0x14e00000)
   the space 10944K,  15% used [0x0a350000, 0x0a4fab00, 0x0a4fac00, 0x0ae00000)
 Metaspace       used 5811K, capacity 5961K, committed 6016K, reserved 6528K
}
Event: 0.785 GC heap before
{Heap before GC invocations=6 (full 0):
 def new generation   total 4928K, used 4683K [0x04e00000, 0x05350000, 0x0a350000)
  eden space 4416K, 100% used [0x04e00000, 0x05250000, 0x05250000)
  from space 512K,  52% used [0x05250000, 0x05292ef8, 0x052d0000)
  to   space 512K,   0% used [0x052d0000, 0x052d0000, 0x05350000)
 tenured generation   total 10944K, used 1706K [0x0a350000, 0x0ae00000, 0x14e00000)
   the space 10944K,  15% used [0x0a350000, 0x0a4fab00, 0x0a4fac00, 0x0ae00000)
 Metaspace       used 5811K, capacity 5961K, committed 6016K, reserved 6528K
Event: 0.786 GC heap after
Heap after GC invocations=7 (full 0):
 def new generation   total 4928K, used 230K [0x04e00000, 0x05350000, 0x0a350000)
  eden space 4416K,   0% used [0x04e00000, 0x04e00000, 0x05250000)
  from space 512K,  45% used [0x052d0000, 0x05309bb8, 0x05350000)
  to   space 512K,   0% used [0x05250000, 0x05250000, 0x052d0000)
 tenured generation   total 10944K, used 1784K [0x0a350000, 0x0ae00000, 0x14e00000)
   the space 10944K,  16% used [0x0a350000, 0x0a50e228, 0x0a50e400, 0x0ae00000)
 Metaspace       used 5811K, capacity 5961K, committed 6016K, reserved 6528K
}
Event: 0.808 GC heap before
{Heap before GC invocations=7 (full 0):
 def new generation   total 4928K, used 4646K [0x04e00000, 0x05350000, 0x0a350000)
  eden space 4416K, 100% used [0x04e00000, 0x05250000, 0x05250000)
  from space 512K,  45% used [0x052d0000, 0x05309bb8, 0x05350000)
  to   space 512K,   0% used [0x05250000, 0x05250000, 0x052d0000)
 tenured generation   total 10944K, used 1784K [0x0a350000, 0x0ae00000, 0x14e00000)
   the space 10944K,  16% used [0x0a350000, 0x0a50e228, 0x0a50e400, 0x0ae00000)
 Metaspace       used 5811K, capacity 5961K, committed 6016K, reserved 6528K
Event: 0.808 GC heap after
Heap after GC invocations=8 (full 0):
 def new generation   total 4928K, used 197K [0x04e00000, 0x05350000, 0x0a350000)
  eden space 4416K,   0% used [0x04e00000, 0x04e00000, 0x05250000)
  from space 512K,  38% used [0x05250000, 0x052816b8, 0x052d0000)
  to   space 512K,   0% used [0x052d0000, 0x052d0000, 0x05350000)
 tenured generation   total 10944K, used 1784K [0x0a350000, 0x0ae00000, 0x14e00000)
   the space 10944K,  16% used [0x0a350000, 0x0a50e228, 0x0a50e400, 0x0ae00000)
 Metaspace       used 5811K, capacity 5961K, committed 6016K, reserved 6528K
}
Event: 1.502 GC heap before
{Heap before GC invocations=8 (full 0):
 def new generation   total 4928K, used 2886K [0x04e00000, 0x05350000, 0x0a350000)
  eden space 4416K,  60% used [0x04e00000, 0x050a0498, 0x05250000)
  from space 512K,  38% used [0x05250000, 0x052816b8, 0x052d0000)
  to   space 512K,   0% used [0x052d0000, 0x052d0000, 0x05350000)
 tenured generation   total 10944K, used 1784K [0x0a350000, 0x0ae00000, 0x14e00000)
   the space 10944K,  16% used [0x0a350000, 0x0a50e228, 0x0a50e400, 0x0ae00000)
 Metaspace       used 7794K, capacity 7975K, committed 8064K, reserved 8576K
Event: 1.513 GC heap after
Heap after GC invocations=9 (full 1):
 def new generation   total 4992K, used 0K [0x04e00000, 0x05360000, 0x0a350000)
  eden space 4480K,   0% used [0x04e00000, 0x04e00000, 0x05260000)
  from space 512K,   0% used [0x05260000, 0x05260000, 0x052e0000)
  to   space 512K,   0% used [0x052e0000, 0x052e0000, 0x05360000)
 tenured generation   total 10944K, used 2832K [0x0a350000, 0x0ae00000, 0x14e00000)
   the space 10944K,  25% used [0x0a350000, 0x0a6143b8, 0x0a614400, 0x0ae00000)
 Metaspace       used 7794K, capacity 7975K, committed 8064K, reserved 8576K
}
Event: 1.768 GC heap before
{Heap before GC invocations=9 (full 1):
 def new generation   total 4992K, used 556K [0x04e00000, 0x05360000, 0x0a350000)
  eden space 4480K,  12% used [0x04e00000, 0x04e8b160, 0x05260000)
  from space 512K,   0% used [0x05260000, 0x05260000, 0x052e0000)
  to   space 512K,   0% used [0x052e0000, 0x052e0000, 0x05360000)
 tenured generation   total 23236K, used 15120K [0x0a350000, 0x0ba01000, 0x14e00000)
   the space 23236K,  65% used [0x0a350000, 0x0b2143c8, 0x0b214400, 0x0ba01000)
 Metaspace       used 7890K, capacity 8071K, committed 8192K, reserved 8576K
Event: 1.775 GC heap after
Heap after GC invocations=10 (full 2):
 def new generation   total 11520K, used 0K [0x04e00000, 0x05a70000, 0x0a350000)
  eden space 10304K,   0% used [0x04e00000, 0x04e00000, 0x05810000)
  from space 1216K,   0% used [0x05810000, 0x05810000, 0x05940000)
  to   space 1216K,   0% used [0x05940000, 0x05940000, 0x05a70000)
 tenured generation   total 25360K, used 15215K [0x0a350000, 0x0bc14000, 0x14e00000)
   the space 25360K,  59% used [0x0a350000, 0x0b22bc18, 0x0b22be00, 0x0bc14000)
 Metaspace       used 7890K, capacity 8071K, committed 8192K, reserved 8576K
}

