# JRE version: Java(TM) SE Runtime Environment (8.0_66-b18) (build 1.8.0_66-b18)
# Java VM: Java HotSpot(TM) Client VM (25.66-b18 mixed mode, sharing windows-x86 )
Heap:
 def new generation   total 11520K, used 414K [0x04800000, 0x05470000, 0x09d50000)
  eden space 10304K,   4% used [0x04800000, 0x04867a58, 0x05210000)
  from space 1216K,   0% used [0x05210000, 0x05210000, 0x05340000)
  to   space 1216K,   0% used [0x05340000, 0x05340000, 0x05470000)
 tenured generation   total 62232K, used 52080K [0x09d50000, 0x0da16000, 0x14800000)
   the space 62232K,  83% used [0x09d50000, 0x0d02c178, 0x0d02c200, 0x0da16000)
 Metaspace       used 2975K, capacity 4769K, committed 4864K, reserved 5504K
GC Heap History (10 events):
Event: 0.686 GC heap before
{Heap before GC invocations=5 (full 0):
 def new generation   total 4928K, used 4642K [0x04800000, 0x04d50000, 0x09d50000)
  eden space 4416K, 100% used [0x04800000, 0x04c50000, 0x04c50000)
  from space 512K,  44% used [0x04cd0000, 0x04d089d0, 0x04d50000)
  to   space 512K,   0% used [0x04c50000, 0x04c50000, 0x04cd0000)
 tenured generation   total 10944K, used 1707K [0x09d50000, 0x0a800000, 0x14800000)
   the space 10944K,  15% used [0x09d50000, 0x09efaf68, 0x09efb000, 0x0a800000)
 Metaspace       used 2213K, capacity 4419K, committed 4480K, reserved 4480K
Event: 0.687 GC heap after
Heap after GC invocations=6 (full 0):
 def new generation   total 4928K, used 267K [0x04800000, 0x04d50000, 0x09d50000)
  eden space 4416K,   0% used [0x04800000, 0x04800000, 0x04c50000)
  from space 512K,  52% used [0x04c50000, 0x04c92ee0, 0x04cd0000)
  to   space 512K,   0% used [0x04cd0000, 0x04cd0000, 0x04d50000)
 tenured generation   total 10944K, used 1707K [0x09d50000, 0x0a800000, 0x14800000)
   the space 10944K,  15% used [0x09d50000, 0x09efaf68, 0x09efb000, 0x0a800000)
 Metaspace       used 2213K, capacity 4419K, committed 4480K, reserved 4480K
}
Event: 0.708 GC heap before
{Heap before GC invocations=6 (full 0):
 def new generation   total 4928K, used 4683K [0x04800000, 0x04d50000, 0x09d50000)
  eden space 4416K, 100% used [0x04800000, 0x04c50000, 0x04c50000)
  from space 512K,  52% used [0x04c50000, 0x04c92ee0, 0x04cd0000)
  to   space 512K,   0% used [0x04cd0000, 0x04cd0000, 0x04d50000)
 tenured generation   total 10944K, used 1707K [0x09d50000, 0x0a800000, 0x14800000)
   the space 10944K,  15% used [0x09d50000, 0x09efaf68, 0x09efb000, 0x0a800000)
 Metaspace       used 2213K, capacity 4419K, committed 4480K, reserved 4480K
Event: 0.709 GC heap after
Heap after GC invocations=7 (full 0):
 def new generation   total 4928K, used 230K [0x04800000, 0x04d50000, 0x09d50000)
  eden space 4416K,   0% used [0x04800000, 0x04800000, 0x04c50000)
  from space 512K,  45% used [0x04cd0000, 0x04d09bc0, 0x04d50000)
  to   space 512K,   0% used [0x04c50000, 0x04c50000, 0x04cd0000)
 tenured generation   total 10944K, used 1785K [0x09d50000, 0x0a800000, 0x14800000)
   the space 10944K,  16% used [0x09d50000, 0x09f0e678, 0x09f0e800, 0x0a800000)
 Metaspace       used 2213K, capacity 4419K, committed 4480K, reserved 4480K
}
Event: 0.734 GC heap before
{Heap before GC invocations=7 (full 0):
 def new generation   total 4928K, used 4642K [0x04800000, 0x04d50000, 0x09d50000)
  eden space 4416K,  99% used [0x04800000, 0x04c4ecf8, 0x04c50000)
  from space 512K,  45% used [0x04cd0000, 0x04d09bc0, 0x04d50000)
  to   space 512K,   0% used [0x04c50000, 0x04c50000, 0x04cd0000)
 tenured generation   total 10944K, used 1785K [0x09d50000, 0x0a800000, 0x14800000)
   the space 10944K,  16% used [0x09d50000, 0x09f0e678, 0x09f0e800, 0x0a800000)
 Metaspace       used 2213K, capacity 4419K, committed 4480K, reserved 4480K
Event: 0.735 GC heap after
Heap after GC invocations=8 (full 0):
 def new generation   total 4928K, used 213K [0x04800000, 0x04d50000, 0x09d50000)
  eden space 4416K,   0% used [0x04800000, 0x04800000, 0x04c50000)
  from space 512K,  41% used [0x04c50000, 0x04c85530, 0x04cd0000)
  to   space 512K,   0% used [0x04cd0000, 0x04cd0000, 0x04d50000)
 tenured generation   total 10944K, used 1785K [0x09d50000, 0x0a800000, 0x14800000)
   the space 10944K,  16% used [0x09d50000, 0x09f0e678, 0x09f0e800, 0x0a800000)
 Metaspace       used 2213K, capacity 4419K, committed 4480K, reserved 4480K
}
Event: 1.407 GC heap before
{Heap before GC invocations=8 (full 0):
 def new generation   total 4928K, used 2842K [0x04800000, 0x04d50000, 0x09d50000)
  eden space 4416K,  59% used [0x04800000, 0x04a91648, 0x04c50000)
  from space 512K,  41% used [0x04c50000, 0x04c85530, 0x04cd0000)
  to   space 512K,   0% used [0x04cd0000, 0x04cd0000, 0x04d50000)
 tenured generation   total 10944K, used 1785K [0x09d50000, 0x0a800000, 0x14800000)
   the space 10944K,  16% used [0x09d50000, 0x09f0e678, 0x09f0e800, 0x0a800000)
 Metaspace       used 2885K, capacity 4705K, committed 4736K, reserved 5504K
Event: 1.416 GC heap after
Heap after GC invocations=9 (full 1):
 def new generation   total 4992K, used 0K [0x04800000, 0x04d60000, 0x09d50000)
  eden space 4480K,   0% used [0x04800000, 0x04800000, 0x04c60000)
  from space 512K,   0% used [0x04c60000, 0x04c60000, 0x04ce0000)
  to   space 512K,   0% used [0x04ce0000, 0x04ce0000, 0x04d60000)
 tenured generation   total 10944K, used 2834K [0x09d50000, 0x0a800000, 0x14800000)
   the space 10944K,  25% used [0x09d50000, 0x0a014908, 0x0a014a00, 0x0a800000)
 Metaspace       used 2885K, capacity 4705K, committed 4736K, reserved 5504K
}
Event: 1.671 GC heap before
{Heap before GC invocations=9 (full 1):
 def new generation   total 4992K, used 559K [0x04800000, 0x04d60000, 0x09d50000)
  eden space 4480K,  12% used [0x04800000, 0x0488bef0, 0x04c60000)
  from space 512K,   0% used [0x04c60000, 0x04c60000, 0x04ce0000)
  to   space 512K,   0% used [0x04ce0000, 0x04ce0000, 0x04d60000)
 tenured generation   total 23236K, used 15122K [0x09d50000, 0x0b401000, 0x14800000)
   the space 23236K,  65% used [0x09d50000, 0x0ac14918, 0x0ac14a00, 0x0b401000)
 Metaspace       used 2954K, capacity 4769K, committed 4864K, reserved 5504K
Event: 1.678 GC heap after
Heap after GC invocations=10 (full 2):
 def new generation   total 11520K, used 0K [0x04800000, 0x05470000, 0x09d50000)
  eden space 10304K,   0% used [0x04800000, 0x04800000, 0x05210000)
  from space 1216K,   0% used [0x05210000, 0x05210000, 0x05340000)
  to   space 1216K,   0% used [0x05340000, 0x05340000, 0x05470000)
 tenured generation   total 25364K, used 15216K [0x09d50000, 0x0b615000, 0x14800000)
   the space 25364K,  59% used [0x09d50000, 0x0ac2c168, 0x0ac2c200, 0x0b615000)
 Metaspace       used 2954K, capacity 4769K, committed 4864K, reserved 5504K
}

